0 info it worked if it ends with ok
1 verbose cli [ 'C:\\Program Files\\nodejs\\node.exe',
1 verbose cli   'C:\\Program Files\\nodejs\\node_modules\\npm\\bin\\npm-cli.js',
1 verbose cli   'run',
1 verbose cli   'deploy' ]
2 info using npm@4.1.2
3 info using node@v7.7.3
4 verbose run-script [ 'predeploy', 'deploy', 'postdeploy' ]
5 info lifecycle awsserver@1.0.0~predeploy: awsserver@1.0.0
6 silly lifecycle awsserver@1.0.0~predeploy: no script for predeploy, continuing
7 info lifecycle awsserver@1.0.0~deploy: awsserver@1.0.0
8 verbose lifecycle awsserver@1.0.0~deploy: unsafe-perm in lifecycle true
9 verbose lifecycle awsserver@1.0.0~deploy: PATH: C:\Users\bstaddon\AppData\Roaming\nvm\v7.7.3\node_modules\npm\bin\node-gyp-bin;C:\dev\awsserver\node_modules\.bin;H:\bin;C:\Program Files\Git\mingw64\bin;C:\Program Files\Git\usr\local\bin;C:\Program Files\Git\usr\bin;C:\Program Files\Git\usr\bin;C:\Program Files\Git\mingw64\bin;C:\Program Files\Git\usr\bin;H:\bin;C:\ProgramData\Oracle\Java\javapath;C:\Program Files (x86)\Intel\iCLS Client;C:\Program Files\Intel\iCLS Client;C:\Windows\system32;C:\Windows;C:\Windows\System32\Wbem;C:\Windows\System32\WindowsPowerShell\v1.0;C:\Program Files\Intel\Intel(R) Management Engine Components\DAL;C:\Program Files\Intel\Intel(R) Management Engine Components\IPT;C:\Program Files (x86)\Intel\Intel(R) Management Engine Components\DAL;C:\Program Files (x86)\Intel\Intel(R) Management Engine Components\IPT;C:\Python35;C:\Python35\Scripts;C:\Program Files (x86)\Heroku\bin;C:\Program Files (x86)\git\cmd;C:\HashiCorp\Vagrant\bin;C:\wamp\bin\php\php5.5.12;C:\ProgramData\ComposerSetup\bin;C:\wamp\bin\php\php5.5.12\php.exe;C:\phploy;C:\opscode\chef\bin;C:\Ruby193\bin;C:\Ruby193\DevKit;C:\Users\bstaddon\AppData\Roaming\nvm;C:\Program Files\nodejs;C:\Program Files (x86)\Skype\Phone;C:\Program Files\Git\cmd;C:\Program Files\Git\mingw64\bin;C:\Program Files\Git\usr\bin;C:\Program Files (x86)\PuTTY;C:\Ruby193\Ruby193\bin;C:\Program Files\Boot2Docker for Windows;C:\Users\bstaddon\AppData\Roaming\nvm;C:\Program Files\nodejs;C:\Program Files\Git\usr\bin\vendor_perl;C:\Program Files\Git\usr\bin\core_perl
10 verbose lifecycle awsserver@1.0.0~deploy: CWD: C:\dev\awsserver
11 silly lifecycle awsserver@1.0.0~deploy: Args: [ '/d /s /c', 'pm2 deploy ecosystem.config.js production' ]
12 silly lifecycle awsserver@1.0.0~deploy: Returned: code: 1  signal: null
13 info lifecycle awsserver@1.0.0~deploy: Failed to exec deploy script
14 verbose stack Error: awsserver@1.0.0 deploy: `pm2 deploy ecosystem.config.js production`
14 verbose stack Exit status 1
14 verbose stack     at EventEmitter.<anonymous> (C:\Users\bstaddon\AppData\Roaming\nvm\v7.7.3\node_modules\npm\lib\utils\lifecycle.js:279:16)
14 verbose stack     at emitTwo (events.js:106:13)
14 verbose stack     at EventEmitter.emit (events.js:194:7)
14 verbose stack     at ChildProcess.<anonymous> (C:\Users\bstaddon\AppData\Roaming\nvm\v7.7.3\node_modules\npm\lib\utils\spawn.js:40:14)
14 verbose stack     at emitTwo (events.js:106:13)
14 verbose stack     at ChildProcess.emit (events.js:194:7)
14 verbose stack     at maybeClose (internal/child_process.js:899:16)
14 verbose stack     at Process.ChildProcess._handle.onexit (internal/child_process.js:226:5)
15 verbose pkgid awsserver@1.0.0
16 verbose cwd C:\dev\awsserver
17 error Windows_NT 6.1.7601
18 error argv "C:\\Program Files\\nodejs\\node.exe" "C:\\Program Files\\nodejs\\node_modules\\npm\\bin\\npm-cli.js" "run" "deploy"
19 error node v7.7.3
20 error npm  v4.1.2
21 error code ELIFECYCLE
22 error awsserver@1.0.0 deploy: `pm2 deploy ecosystem.config.js production`
22 error Exit status 1
23 error Failed at the awsserver@1.0.0 deploy script 'pm2 deploy ecosystem.config.js production'.
23 error Make sure you have the latest version of node.js and npm installed.
23 error If you do, this is most likely a problem with the awsserver package,
23 error not with npm itself.
23 error Tell the author that this fails on your system:
23 error     pm2 deploy ecosystem.config.js production
23 error You can get information on how to open an issue for this project with:
23 error     npm bugs awsserver
23 error Or if that isn't available, you can get their info via:
23 error     npm owner ls awsserver
23 error There is likely additional logging output above.
24 verbose exit [ 1, true ]
